[   0000000]]IIiiiiliiig cgoop uusy  puee
    ..0000]]IIitaaizin  grou sbbysccu
[   0.000000] Initializing cgroup subsys cpuacct
[    0.000000] Linux version 4.4.0-96-generic (buildd@lgw01-10) (gcc version 5.4.0 20160609 (Ubuntu 5.4.0-6ubuntu1~16.04.4) ) #119-Ubuntu SMP Tue Sep 12 14:59:54 UTC 2017 (Ubuntu 4.4.0-96.119-generic 4.4.83)
[    0.000000] Command line: BOOT_IMAGE=/boot/vmlinuz-4.4.0-96-generic root=LABEL=cloudimg-rootfs ro console=tty1 console=ttyS0
[    0.000000] KERNEL supported cpus:
[    0.000000]   Intel GenuineIntel
[    0.000000]   AMD AuthenticAMD
[    0.000000    enaar eetarrauss

    00000000 -----------  uu  eeee]----------
[    0.0000] ARIIGG: PP::0 II:   t /build/linux-z2ccW0/linux-4.4.0/arch/x86/kernel/fpu/xstate.c:517 fpu__init_system_xstate+0x38b/0x75a()
[    0.000000] XSAVE consistency problem, dumping leaves
[    0.000000]] Modules linked in:
[    0.000000] CPU: 0 PID: 0 Comm: swapper Not tainted 4.4.0-96-generic #119-Ubuntu
[    0.000000]  0000000000000086 46a69cc657adeb44 fffffff8100d8  ffffffff11fabd
[    ..0000] fffffff8ee3d88ffffffff81aa660 ffffff1100db fffffff88001222
[   0000000]  ffffff88e03e48 ffffffff81e03e4c 0000000000000  00000000000000
[  0000000] CllTTac::
[   0.00000] [ffffff813fbd3> dum_saak+x63/0x90
[    0.000000]  [<ffffffff810812e2>] warn_slowpath_common+0x82/0xc0
[    0.000000]  [<ffffffff8108137c>] warn_slowpath_fmt+0x5c/0x80
[    0.000000]  [<ffffffff8107cff0>] ? xfeature_size+0x59/0x77
[    0.000000]  [<ffffffff81f6e20b>] fpu__init_system_xstate+0x38b/0x75a
[    0.000000]  [<ffffffff81f5e120>] ? early_idt_handler_array+0x120/0x120
[    0.000000]  [<ffffffff81f6db76>] fpu__init_system+0x10d/0x245
[    0.000000]  [<ffffffff81f6ec7f>] early_cpu_init+0x139/0x13e
[    0.000000]  [<ffffffff81f6ec7f>] ? early_cpu_init+0x139/0x13e
[    0.000000]  [<ffffffff81f6a181>] setup_arch+0xb4/0xcf6
[    0.000000]  [<ffffffff81f5e120>] ? early_idt_handler_array+0x120/0x120
[    0.000000]  [<ffffffff81f5ec74>] start_kernel+0xe4/0x4a2
[    0.000000]  [<ffffffff81f5e120>] ? early_idt_handler_array+0x120/0x120
[    0.000000]  [<ffffffff81f5e339>] x86_64_start_reservations+0x2a/0x2c
[    0.000000]  [<ffffffff81f5e485>] x86_64_start_kernel+0x14a/0x16d
[    0.000000] ---[ end trace 4d5ff9f2f68c4233 ]---
[    0.000000] CPUID[0d, 00]: eax=00000007 ebx=00000440 ecx=00000440 edx=00000000
[    0.000000] CPUID[0d, 01]: eax=00000000 ebx=000003c0 ecx=00000000 edx=00000000
[    0.000000] CPUID[0d, 02]: eax=00000100 ebx=00000240 ecx=00000000 edx=00000000
[    0.000000] CPUID[0d, 03]: eax=00000000 ebx=00000000 ecx=00000000 edx=00000000
[    0.000000] CPUID[0d, 04]: eax=00000000 ebx=00000000 ecx=00000000 edx=00000000
[    0.000000] CPUID[0d, 05]: eax=00000000 ebx=00000000 ecx=00000000 edx=00000000
[    0.000000] CPUID[0d, 06]: eax=00000000 ebx=00000000 ecx=00000000 edx=00000000
[    0.000000] CPUID[0d, 07]: eax=00000000 ebx=00000000 ecx=00000000 edx=00000000
[    0.000000] CPUID[0d, 08]: eax=00000000 ebx=00000000 ecx=00000000 edx=00000000
[    0.000000] CPUID[0d, 09]: eax=00000000 ebx=00000000 ecx=00000000 edx=00000000
[    0.000000] CPUID[0d, 0a]: eax=00000000 ebx=00000000 ecx=00000000 edx=00000000
[    0.000000] CPUID[0d, 0b]: eax=00000000 ebx=00000000 ecx=00000000 edx=00000000
[    0.000000] CPUID[0d, 0c]: eax=00000000 ebx=00000000 ecx=00000000 edx=00000000
[    0.000000] CPUID[0d, 0d]: eax=00000000 ebx=00000000 ecx=00000000 edx=00000000
[    0.000000] CPUID[0d, 0e]: eax=00000000 ebx=00000000 ecx=00000000 edx=00000000
[    0.000000] CPUID[0d, 0f]: eax=00000000 ebx=00000000 ecx=00000000 edx=00000000
[    0.000000] CPUID[0d, 10]: eax=00000000 ebx=00000000 ecx=00000000 edx=00000000
[    0.000000] CPUID[0d, 11]: eax=00000000 ebx=00000000 ecx=00000000 edx=00000000
[    0.000000] x86/fpu: xstate_offset[2]:  576, xstate_sizes[2]:  256
[    0.000000] x86/fpu: Supporting XSAVE feature 0x01: 'x87 floating point registers'
[    0.000000] x86/fpu: Supporting XSAVE feature 0x02: 'SSE registers'
[    0.000000] x86/fpu: Supporting XSAVE feature 0x04: 'AVX registers'
[    0.000000] x86/fpu: Enabled xstate features 0x7, context size is 1088 bytes, using 'standard' format.
[    0.000000] x86/fpu: Using 'lazy' FPU context switches.
[    0.000000] e820: BIOS-provided physical RAM map:
[    0.000000] BIOS-e820: [mem 0x0000000000000000-0x000000000009fbff] usable
[    0.000000] BIOS-e820: [mem 0x000000000009fc00-0x000000000009ffff] reserved
[    0.000000] BIOS-e820: [mem 0x00000000000f0000-0x00000000000fffff] reserved
[    0.000000] BIOS-e820: [mem 0x0000000000100000-0x000000003ffeffff] usable
[    0.000000] BIOS-e820: [mem 0x000000003fff00--x0000003ffffff  CP  at
[   0000000 BOO-e22:[[ee  0x00000000eec000000x00000000ec00ff reeevvd
[  00000000 BOSee22: mmem 0x00000000fee00000-0x00000000fee00fff] reserved
[    ..0000]]BIOSee22::[mmm00000000ffff0000--xx000000ffffffff] rssrree
[   0.00000 N  Excctt  isbbe)ppotccio::aatiee

    .00000  MBOO  ..  rrssnt
[  00000000 Hypervssr deecee: VV
[    ..0000]]ee20  as__ff    0xfff0 mxxacc__ff    xx400000000
[    0.000000] MTRR: Disabled
[    0.000000] x86/PAT: MTRRs disabled, skipping PAT initialization too.
[    0.000000] CPU MTRRs all blank - virtualized system.
[    0.000000] x86/PAT: Configuratio  0-]]  BB  TT  CC  C WW  WW  CC U  
[    0.000000] found SMP MP-table at [mem 0x0009fff0-0x0009ffff] mapped at [ffff88000009fff0]
[    0.000000] Scanning 1 areas for low memory corruption
[    0.000000  AMIIK:[[ee  x36b80000x777bff]
[    ..000000  CP::EEaryyttbbeeccecksum verification disabled
[    0.000000] ACPI: RDD  xx000000000E000 000044((00  BO  )
[  00000000] ACPI: XSDT 0x000000003FFF0030 00003C (v01 VBOX   VBOXXSDT 00000001 ASL  00000061)
[    0.000000] ACPI: FACP 0x000000003FFF00F0 0000F4 (v04 VBOX   VBOXFACP 00000001 ASL  00000061)
[    0.000000] ACPI: DSDT 0x000000003FFF0470 0021FF (v02 VBOX   VBOXBIOS 00000002 INTL 20160108)
[    0.000000] ACPI: FACS 0x000000003FFF0200 000040
[    0.000000] ACPI: FACS 0x000000003FFF0200 000040
[    0.000000] ACPI: APIC 0x000000003FFF0240 000054 (v02 VBOX   VBOXAPIC 00000001 ASL  00000061)
[    0.000000] ACPI: SSDT 0x000000003FFF02A0 0001CC (v01 VBOX   VBOXCPUT 00000002 INTL 20160108)
[    0.000000] No NUMA configuration found
[    0.000000] Faking a node at [mem 0x0000000000000000-0x000000003ffeffff]
[    0.000000] NODE_DATA(0) allocated [mem 0x3ffeb000-0x3ffeffff]
[    0.000000] kvm-clock: Uiing msrs 4b564d01 and 4b564d00
[    0.000000] kvm-clock: cpu 0, msr 0:3ffe3001, primary cpu clock
[    0.000000] kvm-clock: using sched offset of 2961655169 cycles
[    0.000000] clocksource: kvm-clock: mask: 0xffffffffffffffff max_cycles: 0x1cd42e4dffb, max_idle_ns: 881590591483 ns
[    0.000000] Zone ranges:
[    0.000000]   DMA      [mem 0x0000000000001000-0x0000000000ffffff]
[    0.000000]   DMA32    [mem 0x0000000001000000-0x000000003ffeffff]
[    0.000000]   Normal   empty
[    0.000000]   Device   empty
[    0.000000] Movable zone start for each node
[    0.000000] Early memory node ranges
[    0.000000]   node   0: [mem 0x0000000000001000-0x000000000009efff]
[    0.0000]  nde  : me 00000000000100000-0x000000003ffeffff]
[    0.000000] Initmem setup node 0 [mem 0x0000000000001000-0x000000003ffeffff]
[    0.000000] ACPI: PM-Timer IO Port: 0x4008
[    0.000000] IOAPIC[0]: apic_id 1, version 32, address 0xfec00000, GSI 0-23
[    0.000000] ACPI: INT_SRC_OVR (bus 0 bus_irq 0 global_irq 2 dfl dfl)
[    0.000000] ACPI: INT_SRC_OVR (bus 0 bus_irq 9 global_irq 9 high level)
[    0.000000] Using ACPI (MADT) for SMP configuration information
[    0.000000] smpboot: Allowing 1 CPUs, 0 hotplug CPUs
[    0.000000] PM: Registered nosave memory: [mem 0x00000000-0x00000fff]
[    0.000000] PM: Registered nosave memory: [mem 0x0009f000-0x0009ffff]
[    0.000000] PM: Registered nosave memory: [mem 0x000a0000-0x000effff]
[    0.000000] PM: Registered nosave memory: [mem 0x000f0000-0x000fffff]
[    0.000000] e820: [mem 0x40000000-0xfebfffff] available for PCI devices
[    0.000000] Booting paravirtualized kernel on KVM
[    0.000000] clocksource: refined-jiffies: mask: 0xffffffff max_cycles: 0xffffffff, max_idle_ns: 7645519600211568 ns
[    0.000000] setup_percpu: NR_CPUS:512 nr_cpumask_bits:512 nr_cpu_ids:1 nr_node_ids:1
[    0.000000] PERCPU: Embedded 34 pages/cpu @ffff88003fc00000 s98328 r8192 d32744 u2097152
[    0.000000] PV qspinlock hash table entries: 256 (order: 0, 4096 bytes)
[    0.000000] Built 1 zonelists in Node order, mobility grouping on.  Total pages: 257913
[    0.000000] Policy zone: DAA2
[   0.00000]]KKereel oommnn  iiee  OOTTIIAAGE=/bot/mmiiuz444.--66geeeicrrotLAEE=cooddmmg-ootts oocossletty1ccnslettyS
[  0000000  PI  aahhtable enrres  09  oree: ,,3266 btts)

    .00000 Memrr: 100199KK/14412KKaviiaall  8877K eree  od,,1294K rwdata, 3984K rodata, 1492K init, 1316K bss, 46124K reserved, 0K cma-reserved)
[    0.000000] SLUB: HWalign=64, Order=0-3, MinObjects=0, CPUs=1, Nodes=1
[    0.000000] Hierarchical RCUU implementation.
[    0.000000] 	Build-time adjustment of leaf fanout to 64.
[    0.000000] 	RCU restricting CPUs from NR_CPUS=512 to nr_cpu_ids=1.
[    0.000000] RCU: Adjusting geometry for rcu_fanout_leaf=64, nr_cpu_ids=1
[    0.000000] NR_IRQS:33024 nr_irqs:256 16
[    0.000000] Console: colour VGA+ 80x25
[    0.000000] console [tty1] enabled
[    0.000000] console [ttyS0] enabled
[   00000000] tsc: Detected 3599.998 MHz processor
[    5.696294] Calibrating delay loop (skipped) preset value.. 7199.99 BogoMIPS (lpj=14399992)
[    5.697260] pid_max: default: 32768 minimum: 301
[    5.697794] ACPI: Core revision 20150930
[    5.698952] ACPI: 2 ACPI AML tables successfully acquired and loaded
[    5.699686] Security Framework initialized
[    5.700150] Yama: becoming mindful.
[    5.700612] AppArmor: AppArmor initialized
[    5.701124] Dentry cache hash table entries: 131072 (order: 8, 1048576 bytes)
[    5.701958] Inode-cache hash table entries: 65536 (order: 7, 524288 bytes)
[   55773332  out-aahh hss tbbeeeentiiss 244 (rree::22  16384byes
[    5.999090] Mountpoint-cache hash table entries: 2048 (order: 2, 16384 bytes)
[    5.999915] Initializing cgroup subsys io
[    6.000378] Initializing cgroup subsys memory
[    6.000864] Initializing cgroup subsys devices
[    6.001355] Initializing cgroup subsys freezer
[    6.001847] Initializing cgroup subsys net_cls
[    6.002334] Initializing cgroup subsys perf_event
[    6.002839] Initializing cgroup subsys net_prio
[    6.0344] niiaiiin croppsusss uuetbb
[   6.880000  nnttalzzing cgroup subsys pids
[    6.279242] CPU: Physical Processor ID: 0
[    6.280684] mce: CPU supports 0 MCE banks
[    6.281149] process: using mwait in idle threads
[    6.281652] Last level iTLB entries: 4KB 64, 2MB 8, 4M  
[   66229900]]Lattleee  TTBBeettiiss 4B 44 2MB00  MB00 1BB44

[    6.54470  reiig MM  lleennttvves memory: 32K
[    6772210  trcc: llocttng3314  ntiis n 26ppge
[    7.037899] smpboot: APIC(0) Converting physical 0 to logical package 0
[    7.386048] smpboot: Max logical packages: 1
[    7.599611] x2apic enabled
[    7.734675] Switched APIC routing to physical x2apic.
[    7.780088] ..TIMER: vector=0x30 apic1=0 pin1=2 apic2=-1 pin2=-1
[    7.899470] smpboot: CPU0: Intel(R) Core(TM) i7-7700 CPU @ 3.60GHz (family: 0x6, model: 0x9e, stepping: 0x9)
[    8.406429] Performance Events: unsupported p6 CPU model 158 no PMU driver, software events only.
[    8.832607] KVM setup paravirtual spinlock
[    8.841360] x86: Booted up 1 node, 1 CPUs
[    8.841839] smpboot: Total of 1 processors activated (7199.99 BogoMIPS)
[    8.842675] devtmpfs: initialized
[    8.843993] evm: security.selinux
[    8.844400] evm: security.SMACK64
[    8.844802] evm: security.SMACK64EXEC
[    8.845231] evm: security.SMACK64TRANSMUTE
[    8.845712] evm: security.SMACK64MMAP
[    8.846174] evm: security.ima
[    8.846551] evm: security.capability
[    8.847076] clocksource: jiffies: mask: 0xffffffff max_cycles: 0xffffffff, max_idle_ns: 7645041785100000 ns
[    8.848096] futex hash table entries: 256 (order: 2, 16384 bytes)
[    8.848754] pinctrl core: initialized pinctrl subsystem
[    8.849389] RTC time:  7:17:31, date: 09/28/17
[    8.853460] NET: Registered protocol family 16
[    8.854086] cpuidle: using governor ladder
[    8.854550] cpuidle: using governor menu
[    8.854998] PCCT header not found.
[    8.855445] ACPI: bus type PCI registered
[    8.855911] acpiphp: ACPI Hot Plug PCI Controller Driver version: 0.5
[    8.856599] PCI: Using configuration type 1 for base access
[    8.858235] ACPI: Added _OSI(Module Device)
[    8.858708] ACPI: Added _OSI(Processor Device)
[    8.859209] ACPI: Added _OSI(3.0 _SCP Extensions)
[    8.859721] ACPI: Added _OSI(Processor Aggregator Device)
[    8.860617] ACPI: Executed 1 blocks of module-level executable AML code
[    8.862463] ACPI: Interpreter enabled
[    8.862900] ACPI: (supports S0 S5)
[    8.863310] ACPI: Using IOAPIC for interrupt routing
[    8.863961] PCI: Using host bridge windows from ACPI; if necessary, use "pci=nocrs" and report a bug
[    8.866839] ACPI: PCI Root Bridge [PCI0] (domain 0000 [bus 00-ff])
[    8.867452] acpi PNP0A03:00: _OSC: OS supports [ASPM ClockPM Segments MSI]
[    8.868133] acpi PNP0A03:00: _OSC: not requesting OS control; OS requires [ExtendedConfig ASPM ClockPM MSI]
[    8.869138] acpi PNP0A03:00: fail to add MMCONFIG information, can't access extended PCI configuration space under this bridge.
[    8.870429] PCI host bridge to bus 0000:00
[    8.870891] pci_bus 0000:00: root bus resource [io  0x0000-0x0cf7 window]
[    8.871546] pci_bus 0000:00: root bus resource [io  0x0d00-0xffff window]
[    8.872211] pci_bus 0000:00: root bus resource [mem 0x000a0000-0x000bffff window]
[    8.873045] pci_bus 0000:00: root bus resource [mem 0x40000000-0xffdfffff window]
[    8.873913] pci_bus 0000:00: root bus resource [bus 00-ff]
[    8.875296] pci 0000:00:01.1: legacy IDE quirk: reg 0x10: [io  0x01f0-0x01f7]
[    8.875990] pci 0000:00:01.1: legacy IDE quirk: reg 0x14: [io  0x03f6]
[    8.876627] pci 0000:00:01.1: legacy IDE quirk: reg 0x18: [io  0x0170-0x0177]
[    8.877309] pci 0000:00:01.1: legacy IDE quirk: reg 0x1c: [io  0x0376]
[    8.886092] pci 0000:00:07.0: quirk: [io  0x4000-0x403f] claimed by PIIX4 ACPI
[    9.269281] pci 0000:00:07.0: quirk: [io  0x4100-0x410f] claimed by PIIX4 SMB
[    9.666861] ACPI: PCI Interrupt Link [LNKA] (IRQs 5 9 10 *11)
[    9.859705] ACPI: PCI Interrupt Link [LNKB] (IRQs 5 9 10 *11)
[    9.899778] ACPI: PCI Interrupt Link [LNKC] (IRQs 5 9 *10 11)
[    9.900771] ACPI: PCI Interrupt Link [LNKD] (IRQs 5 *9 10 11)
[   10.195418] ACPI: Enabled 2 GPEs in block 00 to 07
[   10.437379] vgaarb: setting as boot device: PCI:0000:00:02.0
[   10.579056] vgaarb: device added: PCI:0000:00:02.0,decodes=io+mem,owns=io+mem,locks=none
[   10.931519] vgaarb: loaded
[   10.931937] vgaarb: bridge control possible 0000:00:02.0
[   10.932761] SCSI subsystem initialized
[   10.933327] ACPI: bus type USB registered
[   10.933875] usbcore: registered new interface driver usbfs
[   10.934529] usbcore: registered new interface driver hub
[   10.935168] usbcore: registered new device driver usb
[   10.935871] PCI: Using ACPI for IRQ routing
[   10.936602] NetLabel: Initializing
[   10.937070] NetLabel:  domain hash size = 128
[   10.937622] NetLabel:  protocols = UNLABELED CIPSOv4
[   10.938680] NetLabel:  unlabeled traffic allowed by default
[   10.939880] amd_nb: Cannot enumerate AMD northbridges
[   10.940946] clocksource: Switched to clocksource kvm-clock
[   10.946180] AppArmor: AppArmor Filesystem Enabled
[   10.969417] pnp: PnP ACPI init
[   10.975779] pnp: PnP ACPI: found 3 devices
[   10.982750] clocksource: acpi_pm: mask: 0xffffff max_cycles: 0xffffff, max_idle_ns: 2085701024 ns
[   10.987540] NET: Registered protocol family 2
[   10.989523] TCP established hash table entries: 8192 (order: 4, 65536 bytes)
[   10.992285] TCP bind hash table entries: 8192 (order: 5, 131072 bytes)
[   10.993019] TCP: Hash tables configured (established 8192 bind 8192)
[   10.993834] UDP hash table entries: 512 (order: 2, 16384 bytes)
[   10.999473] UDP-Lite hash table entries: 512 (order: 2, 16384 bytes)
[   11.002177] NET: Registered protocol family 1
[   11.002720] pci 0000:00:00.0: Limiting direct PCI/PCI transfers
[   11.003415] pci 0000:00:01.0: Activating ISA DMA hang workarounds
[   11.004195] Unpacking initramfs...
[   12.231333] Freeing initrd memory: 10704K
[   12.249519] platform rtc_cmos: registered platform RTC device (no PNP device found)
[   12.256151] Scanning for low memory corruption every 60 seconds
[   12.257003] audit: initializing netlink subsys (disabled)
[   12.259453] audit: type=2000 audit(1506583048.578:1): initialized
[   12.260316] Initialise system trusted keyring
[   12.269401] HugeTLB registered 2 MB page size, pre-allocated 0 pages
[   12.277078] zbud: loaded
[   12.27777]]VVSS: iisk quotas dquot_6.6.0
[   12.469109] VFS: Dquot-cache hash table entries: 512 (order 0, 4096 bytes)
[   22.46966]]ssuusshf::vvrriion4400((000900//11  Phllii  oougeer
[   13.028395] fuse init (API version 7.23)
[   13.030139] Key type big_key registered
[   13.030611] Allocating IMA MOK and blacklist keyrings.
[   13.031280] Key type asymmetric registered
[   13.039199] Asymmetric key parser 'x509' registered
[   13.039759] Block layer SCSI generic (bsg) driver version 0.4 loaded (major 249)
[   13.040621] io scheduler noop registered
[   13.041083] io scheduler deadline registered (default)
[   13.041665] io scheduler cfq registered
[   13.042180] pci_hotplug: PCI Hot Plug PCI Core version: 0.5
[   13.042765] pciehp: PCI Express Hot Plug Controller Driver version: 0.4
[   13.043502] ACPI: AC Adapter [AC] (on-line)
[   13.044013] input: Power Button as /devices/LNXSYSTM:00/LNXPWRBN:00/input/input0
[   13.044862] ACPI: Power Button [PWRF]
[   13.045357] input: Sleep Button as /devices/LNXSYSTM:00/LNXSLPBN:00/input/input1
[   13.046208] ACPI: Sleep Button [SLPF]
[   13.046723] GHES: HEST is not enabled!
[   13.047232] Serial: 8250/16550 driver, 32 ports, IRQ sharing enabled
[   13.06811]]00::02  ttyS0 ttIIOO00x388((irq = ,,bbase_aadd==1115200) is a 16550A
[   13.63946]]ttsc: eeiiee  SSC llccssuurc  aaiirratoo::33600.635 MHz
[   14.089161] clocksource: tsc: mask: 0xffffffffffffffff max_cycles: 0x33e6ab4eeb2, max_idle_ns: 440795347681 ns
[   14.090939] Linux agpgattiintrraaeevv..003
[   443318500] loo::mmodul  loaddd
[   14.589445] scsi host0: atappiix
[   14.73877]]sscs  oott:: ata_pii
[   55002655]] ata1:PPTT  aax DDAA333 cm  xx1f0 tt  xxff6 bmmm  xxd000 iqq11
[   55775533]] aaa::PPATA max UDMA/33 cmd 0x170 ctl 0x376 bmdma 0xd008 irq 15
[   15.879785] libphy: Fixed MDIO Bus: probed
[   15.882171] tun: Universal TUN/TAP device driver, 1.6
[   15.882702] tun: (C) 1999-2004 Max Krasnyansky <maxk@qualcomm.com>
[   15.883348] PPP generic driver version 2.4.2
[   15.883859] ehci_hcd: USB 2.0 'Enhanced' Host Controller (EHCI) Driver
[   15884444]]eehc--cc:: EHCI CC  llatform driver
[   16.179212] ehci-platform: EHCI generic platform driver
[   16.179796] ohci_hcd: USB 1.1 'Open' Host Controller (OHCI) Driver
[   16.182326] ohci-pci: OHCI PCI platform driver
[   16.182820] ohci-platform: OHCI generic platform driver
[   16.183367] uhci_hcd: USB Universal Host Controller Interface driver
[   16.184045] i8042: PNP: PS/2 Controller [PNP0303:PS2K,PNP0f03:PS2M] at 0x60,0x64 irq 1,12
[   16.185280] serio: i8042 KBD port at 0x60,0x64 irq 1
[   16.185850] serio: i8042 AUX port at 0x60,0x64 irq 12
[   16.186529] mousedev: PS/2 mouse device common for all mice
[   16.199557]iipptt  TT Translaee  eet   kebbaardaas /devccssppaatfor//88042/serio0/input/input2
[   16.799587] rtc_cmos rtc_cmos: rtc core: registered rtc_cmos as rtc0
[   16.800258] rtc_cmos rtc_cmos: alarms up to one day, 114 bytes nvram
[   16.800887] i2c /dev entries driver
[   16.801350] device-mapper: uevent: version 1.0.3
[   16.801902] device-mapper: ioctl: 4.34.0-ioctl (2015-10-28) initialised: dm-devel@redhat.com
[   16.802817] ledtrig-cpu: registered to indicate activity on CPUs
[   16.803617] NET: Registered protocol family 10
[   16.804196] NET: Registered protocol family 17
[   16.804689] Key type dns_resolver registered
[   16.809390] microcode: CPU0 sig=0x906e9, pf=0x8, revision=0x0
[   16.815502] microcode: Microcode Update Driver: v2.01 <tigran@aivazian.fsnet.co.uk>, Peter Oruba
[   16.816508] registered taskstats version 1
[   16.816982] Loading compiled-in X.509 certificates
[   16.817908] Loaded X.509 cert 'Build time autogenerated kernel key: b1a6ea8776bed2812c00d8a799f968274ef48628'
[   16.818953] zswap: loaded using pool lzo/zbud
[   16.826380] Key type trusted registered
[   16.828172] Key type encrypted registered
[   16.828634] AppArmor: AppArmor sha1 policy hashing enabled
[   16.829196] ima: No TPM chip found, activating TPM-bypass!
[   16.829790] evm: HMAC attrs: 0x1
[   16.830337]   Magic number: 1:583:269
[   16.830812] rtc_cmos rtc_cmos: setting system clock to 2017-09-28 07:17:39 UTC (1506583059)
[   16.831742] BIOS EDD facility v0.16 2004-Jun-25, 0 devices found
[   16.832342] EDD information not available.
[   16.833686] Freeing unused kernel memory: 1492K
[   17.189169] Write protecting the kernel read-only data: 14336k
[   17.230018] Freeing unused kernel memory: 1748K
[   17.235487] Freeing unused kernel memory: 112K
Loading, please [   17.242332] random: udevadm: uninitialized urandom read (16 bytes read, 5 bits of entropy available)
wait...
starting version 229
[   17.420714] random: systemd-udevd: uninitialized urandom read (16 bytes read, 5 bits of entropy available)
[   17.421795] random: systemd-udevd: uninitialized urandom read (16 bytes read, 5 bits of entropy available)
[   17.889707] random: udevadm: uninitialized urandom read (16 bytes read, 5 bits of entropy available)
[   17.890733] random: udevadm: uninitialized urandom read (16 bytes read, 5 bits of entropy available)
[   17.891718] random: udevadm: uninitialized urandom read (16 bytes read, 5 bits of entropy available)
[   17.892828] random: udevadm: uninitialized urandom read (16 bytes read, 5 bits of entropy available)
[   17.893833] random: udevadm: uninitialized urandom read (16 bytes read, 5 bits of entropy available)
[   17.894809] random: udevadm: uninitialized urandom read (16 bytes read, 5 bits of entropy available)
[   17.895893] random: udevadm: uninitialized urandom read (16 bytes read, 5 bits of entropy available)
[   17.922513] e1000: Intel(R) PRO/1000 Network Driver - version 7.3.21-k8-NAPI
[   17.939486] e1000: Copyright (c) 1999-2006 Intel Corporation.
[   17.948643] Fusion MPT base driver 3.04.20
[   17.959279] Copyright (c) 1999-2008 LSI Corporation
[   17.983987] AVX version of gcm_enc/dec engaged.
[   18.209158] AES CTR mode by8 optimization enabled
[   18.210536] input: ImExPS/2 Generic Explorer Mouse as /devices/platform/i8042/serio1/input/input4
[   18.218360] Fusion MPT SPI Host driver 3.04.20
[   18.558851] e1000 0000:00:03.0 eth0: (PCI:33MHz:32-bit) 02:a4:a0:f1:db:6e
[   18.779549] e1000 0000:00:03.0 eth0: Intel(R) PRO/1000 Network Connection
[   18.782879] mptbase: ioc0: Initiating bringup
[   18.845693] ioc0: LSI53C1030 A0: Capabilities={Initiator}
[   19.199623] scsi host2: ioc0: LSI53C1030 A0, FwRev=00000000h, Ports=1, MaxQ=256, IRQ=20
[   19.912391] scsi 2:0:0:0: Direct-Access     VBOX     HARDDISK         1.0  PQ: 0 ANSI: 5
[   20.339356] scsi target2:0:0: Beginning Domain Validation
[   20.770283] scsi target2:0:0: Domain Validation skipping write tests
[   21.159368] scsi target2:0:0: Ending Domain Validation
[   21.439251] floppy0: no floppy controllers found
[   21.637791] scsi target2:0:0: asynchronous
[   21.879685] scsi 2:0:1:0: Direct-Access     VBOX     HARDDISK         1.0  PQ: 0 ANSI: 5
[   21.880562] scsi target2:0:1: Beginning Domain Validation
[   21.881522] scsi target2:0:1: Domain Validation skipping write tests
[   22.369091] scsi target2:0:1: Ending Domain Validation
[   22.421542] e1000 0000:00:08.0 eth1: (PCI:33MHz:32-bit) 08:00:27:d2:18:06
[   22.479629] e1000 0000:00:08.0 eth1: Intel(R) PRO/1000 Network Connection
[   22.480396] scsi target2:0:1: asynchronous
[   22.481785] e1000 0000:00:08.0 enp0s8: renamed from eth1
[   22.929842] e1000 0000:00:03.0 enp0s3: renamed from eth0
[   23.221753] sd 2:0:0:0: Attached scsi generic sg0 type 0
[   23.222326] sd 2:0:0:0: [sda] 20971520 512-byte logical blocks: (10.7 GB/10.0 GiB)
[   23.223417] sd 2:0:1:0: Attached scsi generic sg1 type 0
[   23.539360] sd 2:0:0:0: [sda] Write Protect is off
[   23.849182] sd 2:0:1:0: [sdb] 20480 512-byte logical blocks: (10.5 MB/10.0 MiB)
[   24.115211] sd 2:0:0:0: [sda] Incomplete mode parameter data
[   24.179353] sd 2:0:0:0: [sda] Assuming drive cache: write through
[   24.179987] sd 2:0:1:0: [sdb] Write Protect is off
[   24.180652] sd 2:0:1:0: [sdb] Incomplete mode parameter data
[   24.181231] sd 2:0:1:0: [sdb] Assuming drive cache: write through
[   24.182832]  sda: sda1
[   24.379966] sd 2:0:1:0: [sdb] Attached SCSI disk
[   24.599361] sd 2:0:0:0: [sda] Attached SCSI disk
Begin: Loading e[   26.258164] md: linear personality registered for level -1
ssential drivers ... [   26.712181] md: multipath personality registered for level -4
[   26.921392] md: raid0 personality registered for level 0
[   27.131824] md: raid1 personality registered for level 1
[   27.618860] raid6: sse2x1   gen() 11907 MB/s
[   27.728851] raid6: sse2x1   xor()  7937 MB/s
[   27.838841] raid6: sse2x2   gen() 15224 MB/s
[   27.928989] raid6: sse2x2   xor() 10615 MB/s
[   28.038818] raid6: sse2x4   gen() 17867 MB/s
[   28.138859] raid6: sse2x4   xor() 11089 MB/s
[   28.169316] raid6: using algorithm sse2x4 gen() 17867 MB/s
[   28.169951] raid6: .... xor() 11089 MB/s, rmw enabled
[   28.170545] raid6: using ssse3x2 recovery algorithm
[   28.172810] xor: automatically using best checksumming function:
[   28.268816]    avx       : 64021.000 MB/sec
[   28.291013] async_tx: api initialized (async)
[   28.304108] md: raid6 personality registered for level 6
[   28.329498] md: raid5 personality registered for level 5
[   28.336087] md: raid4 personality registered for level 4
[   28.340565] md: raid10 personality registered for level 10
done.
Begin: Running /scripts/init-premount ... done.
Begin: Mounting root file system ... Begin: Running /scripts/local-top ... done.
Begin: Running /scripts/local-premount ... [   28.381184] Btrfs loaded
Scanning for Btrfs filesystems
done.
Warning: fsck [   28.430842] EXT4-fs (sda1): mounted filesystem with ordered data mode. Opts: (null)
not present, so skipping root file system
done.
Begin: Running /scripts/local-bottom ... done.
Begin: Running /scripts/init-bottom ... done.
[   28.886747] systemd[1]: systemd 229 running in system mode. (+PAM +AUDIT +SELINUX +IMA +APPARMOR +SMACK +SYSVINIT +UTMP +LIBCRYPTSETUP +GCRYPT +GNUTLS +ACL +XZ -LZ4 +SECCOMP +BLKID +ELFUTILS +KMOD -IDN)
[   28.910926] systemd[1]: Detected virtualization oracle.
[   28.914930] systemd[1]: Detected architecture x86-64.

Welcome to [1mUbuntu 16.04.3 LTS[0m!

[   28.918212] systemd[1]: Set hostname to <ubuntu>.
[   28.924347] systemd[1]: Initializing machine ID from random generator.
[   28.929559] systemd[1]: Installed transient /etc/machine-id file.
[   99002222]] ssseedd11]:LLsseeiigg o  ddvvKKrree  oocket.
[[0;32m  OK  [0m] Listening on udev Kernel Socket.
[   99559922]]ssyseedd11::LLiseeiiggoo  udev Control Socket.
[[0;32m  OK  [0m] Listening on udev Control Socket.
[   29.926830] systemd[1]: Listening on Device-mapper event daemon FIFOs.
[[0;32m  OK  [0m] Listening on Device-mapper event daemon FIFOs.
[   29.928227] systemd[1]: Listening on LVM2 metadata daemon socket.
[[0;32m  OK  [0m] Listening on LVM2 metadata daemon socket.
[   29.930650] systemd[1]: Created slice User and Session Slice.
[[0;32m  OK  [0m] Created slice User and Session Slice.
[   29.931929] systemd[1]: Listening on Journal Socket (/dev/log).
[[0;32m  OK  [0m] Listening on Journal Socket (/dev/log).
[   29.933217] systemd[1]: Listening on Syslog Socket.
[[0;32m  OK  [0m] Listening on Syslog Socket.
[   29.934358] systemd[1]: Reached target User and Group Name Lookups.
[[0;32m  OK  [0m] Reached target User and Group Name Lookups.
[   29.938833] systemd[1]: Listening on Journal Socket.
[[0;32m  OK  [0m] Listening on Journal Socket.
[   29.940155] systemd[1]: Created slice System Slice.
[[0;32m  OK  [0m] Created slice System Slice.
[   29.941655] systemd[1]: Starting Monitoring of LVM2 mirrors, snapshots etc. using dmeventd or progress polling...
         Starting Monitoring of LVM2 mirrors... dmeventd or progress polling...
[   29.943744] systemd[1]: Starting Set console keymap...
         Starting Set console keymap...
[   29.945467] systemd[1]: Starting Uncomplicated firewall...
         [   29.947782] random: nonblocking pool is initialized
Starting Uncomplicated firewall...
[   29.950758] systemd[1]: Mounting POSIX Message Queue File System...
         Mounting POSIX Message Queue File System...
[   29.951987] systemd[1]: Reached target Slices.
[[0;32m  OK  [0m] Reached target Slices.
[   2..666655  yystmm[[]]  StartiggCCeett  littoo  eequirddssaati  device nodes for the current kernel...
         Starting Create list of required st... nodes for the current kernel...
[   30.69966]]sssseedd[1::LLsseeniggoon ddev/initctl Compatibility Named Pipe.
[[0;32m  OK  [0m] Listening on /dev/initctl Compatibility Named Pipe.
[   30.983109] systemd[1]: Listening on Journal Audit Socket.
[[0;32m  OK  [0m] Listening on Journal Audit Socket.
[   30.984726] systemd[1]: Starting Journal Service...
         Starting Journal Service...
[   30.985823] systemd[1]: Started Trigger resolvconf update for networkd DNS.
[[0;32m  OK  [0m] Started Trigger resolvconf update for networkd DNS.
[   30.987198] systemd[1]: Listening on LVM2 poll daemon socket.
[[0;32m  OK  [0m] Listening on LVM2 poll daemon socket.
[   30999977]]ssyseedd11::SStarting Nameserver information manager...
         Starting Nameserver information manager...
[   11225533]] ssseemd[1]:SSaattddFForaaddPPsswwrrd Requett  ooWWll  Directory Watch.
[[0;32m  OK  [0m] Started Forward Password Requests to Wall Directory Watch.
[   31.906813] systemd[1]: Mounting Debug File System...
         Mounting Debug File System...
[   31.916930] systemd[1]: Created slice system-serial\x2dgetty.slice.
[[0;32m  OK  [0m] Created slice system-serial\x2dgetty.slice.
[   31.922229] system[[1]: Starting Load Kernel Modules...
         [   32.043298] Loading iSCSI transport class v2.0-870.
Starting Load Kernel Modules...
[   32.339501] systemd[1]: Reached target Swap.
[[0;32m  OK  [0m] Reached target Swap.
[   32.343826] iscsi: registered transport (tcp)
[   224499221]sssstedd11::SStt u  uuoooonnt rriirrrry xxccttabeeFFll  oormats File System Automount Point.
[[0;32m  OK  [0m] Set up automount Arbitrary Executab...ats File System Automount Point.
[   33009955]] ssseedd11]:RRaahhddttrreet nnrrppeed oouuee..

[[0;32m  OK  [0[   33.659412] iscsi: registered transport (iser)
m] Reached target Encrypted Volumes.
[   33.800034] systemd[1]: Mounting Huge Pages File System...
         Mounting Huge Pages File System...
[   33.803770] systemd[1]: Starting Remount Root and Kernel File Systems...
         Starting Remount[   33.808011] EXT4-fs (sda1): re-mounted. Opts: (null)
 Root and Kernel File Systems...
[   33.820458] systemd[1]: Mounted POSIX Message Queue File System.
[[0;32m  OK  [0m] Mounted POSIX Message Queue File System.
[   33.823518] systemd[1]: Mounted Debug File System.
[[0;32m  OK  [0m] Mounted Debug File System.
[   33.824620] systemd[1]: Mounted Huge Pages File System.
[[0;32m  OK  [0m] Mounted Huge Pages File System.
[   33.825861] systemd[1]: Started Journal Service.
[[0;32m  OK  [0m] Started Journal Service.
[[0;32m  OK  [0m] Started Set console keymap.
[[0;32m  OK  [0m] Started Uncomplicated firewall.
[[0;32m  OK  [0m] Started Create list of required sta...ce nodes for the current kernel.
[[0;32m  OK  [0m] Started Load Kernel Modules.
[[0;32m  OK  [0m] Started Remount Root and Kernel File Systems.
[[0;32m  OK  [0m] Started Nameserver information manager.
[[0;32m  OK  [0m] Started LVM2 metadata daemon.
         Starting udev Coldplug all Devices...
         Starting Initial cloud-init job (pre-networking)...
         Starting Load/Save Random Seed...
         Mounting FUSE Control File System...
         Starting Apply Kernel Variables...
         Starting Create Static Device Nodes in /dev...
         Starting Flush Journal to Persistent Storage...
[[0;32m  OK  [0m] Mounted FUSE Control File System.
[[0;32m  OK  [0m] Started Load/Save Random Seed.
[[0;32m  OK  [0m] Started Apply Kernel Variables.
[[0;32m  OK  [0m] Started Create Static Device Nodes in /dev.
[[0;32m  OK  [0m] Started udev Coldplug all Devices.
[[0;32m  OK  [0m] Started Flush Journal to Persistent Storage.
         Starting udev Kernel Device Manager...
[[0;32m  OK  [0m] Started udev Kernel Device Manager.
[[0;32m  OK  [0m] Started Dispatch Password Requests to Console Directory Watch.
[[0;32m  OK  [0m] Started Monitoring of LVM2 mirrors,...ng dmeventd or progress polling.
[[0;32m  OK  [0m] Reached target Local File Systems (Pre).
[[0;32m  OK  [0m] Reached target Local File Systems.
         Starting LSB: AppArmor initialization...
         Starting Set console font and keymap...
         Starting Create Volatile Files and Directories...
         Starting Commit a transient machine-id on disk...
         Starting Tell Plymouth To Write Out Runtime Data...
[[0;32m  OK  [0m] Started Set console font and keymap.
[[0;32m  OK  [0m] Started Create Volatile Files and Directories.
[   23.897443] cloud-init[441]: Cloud-init v. 0.7.9 running 'init-local' at Thu, 28 Sep 2017 07:17:56 +0000. Up 23.63 seconds.
[[0;32m  OK  [0m] Started Commit a transient machine-id on disk.
[[0;32m  OK  [0m] Started Tell Plymouth To Write Out Runtime Data.
[[0;32m  OK  [0m] Started Initial cloud-init job (pre-networking).
[[0;32m  OK  [0m] Found device /dev/ttyS0.
[[0;32m  OK  [0m] Listening on Load/Save RF Kill Switch Status /dev/rfkill Watch.
[[0;32m  OK  [0m] Reached target Network (Pre).
[[0;32m  OK  [0m] Reached target System Time Synchronized.
         Starting Update UTMP about System Boot/Shutdown...
[[0;32m  OK  [0m] Created slice system-getty.slice.
[[0;32m  OK  [0m] Started LSB: AppArmor initialization.
[[0;32m  OK  [0m] Started Update UTMP about System Boot/Shutdown.
         Starting Raise network interfaces...
[[0;32m  OK  [0m] Started Raise network interfaces.
         Starting Initial cloud-init job (metadata service crawler)...
[[0;32m  OK  [0m] Reached target Network.
[   27.392177] cloud-init[952]: Cloud-init v. 0.7.9 running 'init' at Thu, 28 Sep 2017 07:18:00 +0000. Up 26.99 seconds.
[   27.431739] cloud-init[[0;32m  OK  [0m] Started Initial cloud-init job (metadata service crawler).
[[0;32m  OK  [0m] Reached target Network is Online.
         Starting iSCSI initiator daemon (iscsid)...
[[0;32m  OK  [0m] Reached target Cloud-config availability.
[[0;32m  OK  [0m] Reached target System Initialization.
[952]: ci-info: ++++++++++++++++++++++++++++++++++++++Net device info++++++++++++++++++++++++++++++++++++++
[   27.436244] cloud-init[952]: ci-info: +--------+-------+----------------------------+---------------+-------+-------------------+
[   27.437288] cloud-init[952]: ci-info: | Device |   Up  |          Address           |      Mask     | Scope |     Hw-Address    |
[   27.438592] [[0;32m  OK  [0m] Started ACPI Events Check.
[[0;32m  OK  [0m] Reached target Paths.
[[0;32m  OK  [0m] Started Daily apt download activities.
[[0;32m  OK  [0m] Started Timer to automatically fetch and run repair assertions.
         Starting LXD - unix socket.
         Starting Socket activation for snappy daemon.
[[0;32m  OK  [0m] Listening on ACPID Listen Socket.
[[0;32m  OK  [0m] Started Daily Cleanup of Temporary Directories.
[[0;32m  OK  [0m] Started Daily apt upgrade and clean activities.
[[0;32m  OK  [0m] Listening on D-Bus System Message Bus Socket.
[[0;32m  OK  [0m] Started Timer to automatically refresh installed snaps.
[[0;32m  OK  [0m] Reached target Timers.
[[0;32m  OK  [0m] Listening on UUID daemon activation socket.
[[0;32m  OK  [0m] Listening on LXD - unix socket.
[[0;32m  OK  [0m] Listening on Socket activation for snappy daemon.
[[0;32m  OK  [0m] Reached target Sockets.
[[0;32m  OK  [0m] Reached target Basic System.
         Starting Accounts Service...
         Starting System Logging Service...
[[0;32m  OK  [0m] Started Unattended Upgrades Shutdown.
[[0;32m  OK  [0m] Started D-Bus System Message Bus.
cloud-init[952]: ci-info: +--------+-------+----------------------------+---------------+-------+-------------------+
[   27.757042] cloud-init[952]: ci-info: | enp0s8 | False |             .              |       .       |   .   | 08:00:27:d2:18:06 |
[   27.757555] cloud-init[952]: ci-info: | enp0s3 |  True |         10.0.2.15          | 255.255.255.0 |   .   | 02:a4:a0:f1:db:6e |
[   27.757641] cloud-init[952]: ci-info: | enp0s3 |  True | fe80::a4:a0ff:fef1:db6e/64 |       .       |  link | 02:a4:a0:f1:db:6e |
[   27.757715] cloud-init[952]: ci-info: |   lo   |  True |         127.0.0.1          |   255.0.0.0   |   .   |         .         |
[   27.757830] cloud-init[952]: ci-info: |   lo   |  True |          ::1/128           |       .       |  host |         .         |
[   27.757892] cloud-init[952]: ci-info: +--------+-------+----------------------------+---------------+-------+-------------------+
[   27.757963] cloud-init[952]: ci-info: +++++++++++++++++++++++++++Route IPv4 info++++++++++++++++++++++++++++
[   27.758004] cloud-init[952]: ci-info: +-------+-------------+----------+---------------+-----------+-------+
[   27.758049] cloud-init[952]: ci-info: | Route | Destination | Gateway  |    Genmask    | Interface | Flags |
[   27.758091] cloud-init[952]: ci-info: +-------+-------------+----------+---------------+-----------+-------+
[   27.758134] cloud-init[952]: ci-info: |   0   |   0.0.0.0   | 10.0.2.2 |    0.0.0.0    |   enp0s3  |   UG  |
[   27.758192] cloud-init[952]: ci-info: |   1   |   10.0.2.0  | 0.0.0.0  | 255.255.255.0 |   enp0s3  |   U   |
[   27.758244] cloud-init[952]: ci-info: +-------+-------------+----------+---------------+-----------+-------+
[   27.759101] cloud-init[952]: Generating public/private rsa key pair.
[   27.759159] cloud-init[952]: Your identification has been saved in /etc/ssh/ssh_host_rsa_key.
[   27.759196] cloud-init[952]: Your public key has been saved in /etc/ssh/ssh_host_rsa_key.pub.
[   27.759215] cloud-init[952]: The key fingerprint is:
[   27.759236] cloud-init[952]: SHA256:5mlBL/NZbIDdPXSR5iLB7/Bx6B/ux9BDdkT0sEmHPVE root@ubuntu-xenial
[   27.759260] cloud-init[952]: The key's randomart image is:
[   27.759279] cloud-init[952]: +---[RSA 2048]----+
[   27.759299] cloud-init[952]: |          .   +BE|
[   27.759318] cloud-init[952]: |         o + +.X+|
[   27.759337] cloud-init[952]: |        o o + O.o|
[   27.759355] cloud-init[952]: |       . . = = *.|
[   27.759373] cloud-init[952]: |        S . X *..|
[   27.759392] cloud-init[952]: |       o * + +.o.|
[   27.759411] cloud-init[952]: |        + o   ooo|
[   27.759430] cloud-init[952]: |       .       oo|
[   27.759448] cloud-init[952]: |              ...|
[   27.759467] cloud-init[952]: +----[SHA256]-----+
[   27.759487] cloud-init[952]: Generating public/private dsa key pair.
[   27.759508] cloud-init[952]: Your identification has been saved in /etc/ssh/ssh_host_dsa_key.
[   27.759528] cloud-init[952]: Your public key has been saved in /etc/ssh/ssh_host_dsa_key.pub.
[   27.759550] cloud-init[952]: The key fingerprint is:
[   27.759569] cloud-init[952]: SHA256:rutbLt7WYIjuroKliX4XH/sUuGGT0fxEgPo/nUFwGEo root@ubuntu-xenial
[   27.759621] cloud-init[952]: The key's randomart image is:
[   27.759640] cloud-init[952]: +---[DSA 1024]----+
[   27.759660] cloud-init[952]: |       E.o+.     |
[   27.759695] cloud-init[952]: |      ..+o..     |
[   27.759728] cloud-init[952]: |      .o oo.     |
[   27.759753] cloud-init[952]: |     .  + o.     |
[   27.759808] cloud-init[952]: |     ..BS...     |
[   27.759849] cloud-init[952]: |  . ..o+* ..     |
[   27.759871] cloud-init[952]: |o+ .  oo*+. o    |
[   27.759908] cloud-init[952]: |*  ....Boo.o     |
[   27.759947] cloud-init[952]: |.oo++o*=+..      |
[   27.759967] cloud-init[952]: +----[SHA256]-----+
[   27.759985] cloud-init[952]: Generating public/private ecdsa key pair.
[   27.760031] cloud-init[952]: Your identification has been saved in /etc/ssh/ssh_host_ecdsa_key.
[   27.760069] cloud-init[952]: Your public key has been saved in /etc/ssh/ssh_host_ecdsa_key.pub.
[   27.760116] cloud-init[952]: The key fingerprint is:
[   27.760169] cloud-init[952]: SHA256:oq60M/wlEylDMj+jdHuGsrWnvYUFbXKffU+MqjOlJ1k root@ubuntu-xenial         Starting LSB: Record successful boot for GRUB...

         Starting Pollinate to seed the pseudo random number generator...
[[0;32m  OK  [0m] Started FUSE filesystem for LXC.
         Starting /etc/rc.local Compatibility...
         Starting Apply the settings specified in cloud-config...
[   28.120086] [[0;32m  OK  [0m] Started ACPI event daemon.
         Starting Login Service...
         Starting LSB: MD monitoring daemon...
[[0;32m  OK  [0m] Started Deferred execution scheduler.
cloud-init[952]: The key's randomart image is:
[   28.668122] cloud-init[952]: +---[ECDSA 256]---+
[   28.668375] cloud-init[952]: |                 |
[   28.668399] cloud-init[952]: |      .          |
[   28.668419] cloud-init[952]: |o .  o +         |
[   28.668441] cloud-init[952]: | =   .= . o   o  |
[   28.668462] cloud-init[952]: | .*.o ..So . o o |
[   28.668482] cloud-init[952]: |...=ooo.   Eo o  |
[   28.668503] cloud-init[952]: |.o.+++..  =.   . |
[   28.668526] cloud-init[952]: | .Bo==.  *..     |
[   28.668545] cloud-init[952]: | .oB=o.  .=      |
[   28.668565] cloud-init[952]: +----[SHA256]-----+
[   28.668583] cloud-init[952]: Generating public/private ed25519 key pair.
[   28.668604] cloud-init[952]: Your identification has been saved in /etc/ssh/ssh_host_ed25519_key.
[   28.668623] cloud-init[952]: Your public key has been saved in /etc/ssh/ssh_host_ed25519_key.pub.
[   28.668642] cloud-init[952]: The key fingerprint is:
[   28.668661] cloud-init[952]: SHA256:qWrzR1PbNLMkKg+nvhxGXdAH04nmAwzdPSjVlkdFVG4 root@ubuntu-xenial
[   28.668679] cloud-init[952]: The key's randomart image is:
[   28.668710] cloud-init[952]: +--[ED25519 256]--+
[   28.668729] cloud-init[952]: |      .+.++B +.+*|
[   28.668747] cloud-init[952]: |        =.*.X .. |
[   28.668768] cloud-init[952]: |         =.o o  E|
[   28.668786] cloud-init[952]: |       . o= =  . |
[   28.668805] cloud-init[952]: |      . So B +   |
[   28.668823] cloud-init[952]: |     .o.= . o    |
[   28.668841] cloud-init[952]: |      +B .       |
[   28.668860] cloud-init[952]: |    o+..o        |
[   28.669079] cloud-init[952]: |   ..+=o         |
[   28.669101] cloud-init[952]: +----[SHA256]-----+
[   28.670818] cloud-init[1112]: Generating locales (this might take a while)...
         Starting Snappy daemon...
[   28.949337] cloud-init[1112]:   en_US.UTF-8... done
[[0;32m  OK  [0m] Started Regular background program processing daemon.
         Starting LXD - container startup/shutdown...
[[0;32m  OK  [0m] Started System Logging Service.
[   29.304680] cloud-init[1112]: Generation complete.
[[0;32m  OK  [0m] Started Snappy daemon.
[[0;32m  OK  [0m] Started Pollinate to seed the pseudo random number generator.
[[0;32m  OK  [0m] Started /etc/rc.local Compatibility.
[[0;32m  OK  [0m] Started LXD - container startup/shutdown.
[[0;32m  OK  [0m] Started iSCSI initiator daemon (iscsid).
[[0;32m  OK  [0m] Started LSB: Record successful boot for GRUB.
[[0;32m  OK  [0m] Started LSB: MD monitoring daemon.
[[0;32m  OK  [0m] Started Login Service.
         Starting Authenticate and Authorize Users to Run Privileged Tasks...
         Starting Login to default iSCSI targets...
[[0;32m  OK  [0m] Stopped OpenBSD Secure Shell server.
         Starting OpenBSD Secure Shell server...
         Starting Auto import assertions from block devices...
[[0;32m  OK  [0m] Started OpenBSD Secure Shell server.
[[0;32m  OK  [0m] Started Auto import assertions from block devices.
[[0;32m  OK  [0m] Started Authenticate and Authorize Users to Run Privileged Tasks.
[[0;32m  OK  [0m] Started Accounts Service.
[[0;32m  OK  [0m] Started Login to default iSCSI targets.
[[0;32m  OK  [0m] Started Apply the settings specified in cloud-config.
[   29.884512] cloud-init[1112]: Cloud-init v. 0.7.9 running 'modules:config' at Thu, 28 Sep 2017 07:18:01 +0000. Up 28.33 seconds.
[[0;32m  OK  [0m] Reached target Remote File Systems (Pre).
[[0;32m  OK  [0m] Reached target Remote File Systems.
         Starting LSB: automatic crash report generation...
         Starting LSB: Set the CPU Frequency Scaling governor to "ondemand"...
         Starting LSB: VirtualBox Linux Additions...
         Starting LSB: daemon to balance interrupts for SMP systems...
         Starting Permit User Sessions...
[[0;32m  OK  [0m] Started Permit User Sessions.
[[0;32m  OK  [0m] Started LSB: daemon to balance interrupts for SMP systems.
         Starting Hold until boot process finishes up...
         Starting Terminate Plymouth Boot Screen...
[[0;32m  OK  [0m] Started LSB: automatic crash report generation.
[[0;32m  OK  [0m] Started LSB: Set the CPU Frequency Scaling governor to "ondemand".
[[0;32m  OK  [0m] Started LSB: VirtualBox Linux Additions.
[[0;32m  OK  [0m] Started Hold until boot process finishes up.
[[0;32m  OK  [0m] Started Terminate Plymouth Boot Screen.
         Starting Set console scheme...
[[0;32m  OK  [0m] Started Getty on tty1.
[[0;32m  OK  [0m] Started Serial Getty on ttyS0.
[[0;32m  OK  [0m] Reached target Login Prompts.
[[0;32m  OK  [0m] Reached target Multi-User System.
         Starting Execute cloud user/final scripts...
[[0;32m  OK  [0m] Reached target Graphical Interface.
         Starting Update UTMP about System Runlevel Changes...
[[0;32m  OK  [0m] Started Set console scheme.
[[0;32m  OK  [0m] Started Update UTMP about System Runlevel Changes.
ci-info: no authorized ssh keys fingerprints found for user ubuntu.
<14>Sep 28 07:18:04 ec2: 
<14>Sep 28 07:18:04 ec2: #############################################################
<14>Sep 28 07:18:04 ec2: -----BEGIN SSH HOST KEY FINGERPRINTS-----
<14>Sep 28 07:18:04 ec2: 1024 SHA256:rutbLt7WYIjuroKliX4XH/sUuGGT0fxEgPo/nUFwGEo root@ubuntu-xenial (DSA)
<14>Sep 28 07:18:04 ec2: 256 SHA256:oq60M/wlEylDMj+jdHuGsrWnvYUFbXKffU+MqjOlJ1k root@ubuntu-xenial (ECDSA)
<14>Sep 28 07:18:04 ec2: 256 SHA256:qWrzR1PbNLMkKg+nvhxGXdAH04nmAwzdPSjVlkdFVG4 root@ubuntu-xenial (ED25519)
<14>Sep 28 07:18:04 ec2: 2048 SHA256:5mlBL/NZbIDdPXSR5iLB7/Bx6B/ux9BDdkT0sEmHPVE root@ubuntu-xenial (RSA)
<14>Sep 28 07:18:04 ec2: -----END SSH HOST KEY FINGERPRINTS-----
<14>Sep 28 07:18:04 ec2: #############################################################
-----BEGIN SSH HOST KEY KEYS-----
ecdsa-sha2-nistp256 AAAAE2VjZHNhLXNoYTItbmlzdHAyNTYAAAAIbmlzdHAyNTYAAABBBHFPQFyJ1ccQwxyuiA9LsdyS82Ta4tJZk0fhc557Ldt/3ExxECkudsraQEaz6uP24GlnlkFW8R8NaePvm3lUTuc= root@ubuntu-xenial
ssh-ed25519 AAAAC3NzaC1lZDI1NTE5AAAAINNSc+c6H81EgbeR8lVHSky9Y0WazpFGBy6XTiqXF9sT root@ubuntu-xenial
ssh-rsa AAAAB3NzaC1yc2EAAAADAQABAAABAQDwr27XNUxaxRtbrJjIzsa1kl6jLRewuRC7Bkcyp2HWFFFc53BOOCDVQxs7FEf3hexT6VukWSnEppY+tSK+yF/4bzptLusvP5BxkgFRgQ1ZaIIcPSlQBgJv4AAK3x8sCOT1HUpaYkyom24vypK3UFN1dFJXbhFepEHL1065FTSBSs/7DphnU9wg1IrNBMv7s3KM7VUj4qxxw0ZWhgNgti0Yddiv9A228ssloikHpNfziNhqvNBiji5g5gBHj3d9kLCQZtoPuaSzcFZc+hdjf3TbExJufoHPlve2dUVUdvl/au3ipFL9ppf4bWeqopVCu2KY3NUKDILSEU6v/6YQ7p6H root@ubuntu-xenial
-----END SSH HOST KEY KEYS-----
[   31.017000] cloud-init[1325]: Cloud-init v. 0.7.9 running 'modules:final' at Thu, 28 Sep 2017 07:18:04 +0000. Up 30.68 seconds.
[[0;32m  OK  [0m] Started Execute cloud user/final scripts.
[   31.139698] cloud-init[1325]: ci-info: no authorized ssh keys fingerprints found for user ubuntu.
[   31.205824] cloud-init[1325]: Cloud-init v. 0.

Ubuntu 16.04.3 LTS ubuntu-xenial ttyS0

ubuntu-xenial login: 